<?xml version="1.0" encoding="UTF-8"?>
<testng-results skipped="0" failed="0" total="1" passed="1">
  <reporter-output>
  </reporter-output>
  <suite name="Default suite" duration-ms="18153" started-at="2019-09-14T13:04:53Z" finished-at="2019-09-14T13:05:11Z">
    <groups>
    </groups>
    <test name="Default test" duration-ms="18153" started-at="2019-09-14T13:04:53Z" finished-at="2019-09-14T13:05:11Z">
      <class name="com.selenium.grid.GridExampleTest1">
        <test-method status="PASS" signature="setUp()[pri:0, instance:com.selenium.grid.GridExampleTest1@49993335]" name="setUp" is-config="true" duration-ms="6673" started-at="2019-09-14T21:04:53Z" finished-at="2019-09-14T21:05:00Z">
          <reporter-output>
          </reporter-output>
        </test-method> <!-- setUp -->
        <test-method status="PASS" signature="testGooglePageTitleInIEBrowser()[pri:0, instance:com.selenium.grid.GridExampleTest1@49993335]" name="testGooglePageTitleInIEBrowser" duration-ms="7965" started-at="2019-09-14T21:05:00Z" finished-at="2019-09-14T21:05:08Z">
          <reporter-output>
          </reporter-output>
        </test-method> <!-- testGooglePageTitleInIEBrowser -->
        <test-method status="PASS" signature="closeBrowser()[pri:0, instance:com.selenium.grid.GridExampleTest1@49993335]" name="closeBrowser" is-config="true" duration-ms="2425" started-at="2019-09-14T21:05:09Z" finished-at="2019-09-14T21:05:11Z">
          <reporter-output>
          </reporter-output>
        </test-method> <!-- closeBrowser -->
      </class> <!-- com.selenium.grid.GridExampleTest1 -->
    </test> <!-- Default test -->
  </suite> <!-- Default suite -->
</testng-results>
